<?xml version="1.0" encoding="UTF-8"?>
<!-- Generated by org.testng.reporters.JUnitReportReporter -->
<testsuite hostname="LAPTOP-17GD30N1" name="Runner.TestRunner" tests="1" failures="0" timestamp="16 May 2022 11:55:47 GMT" time="0.983" errors="0">
  <testcase name="runCukes" time="0.983" classname="Runner.TestRunner"/>
</testsuite> <!-- Runner.TestRunner -->
